# JRE version: 6.0_31-b31
# Java VM: OpenJDK Server VM (23.25-b01 mixed mode linux-x86 )
Heap
 PSYoungGen      total 34112K, used 4777K [0xa1ab0000, 0xa3e90000, 0xa7000000)
  eden space 31488K, 6% used [0xa1ab0000,0xa1ccd4f8,0xa3970000)
  from space 2624K, 99% used [0xa3c00000,0xa3e8d000,0xa3e90000)
  to   space 2624K, 0% used [0xa3970000,0xa3970000,0xa3c00000)
 ParOldGen       total 42112K, used 537K [0x97000000, 0x99920000, 0xa1ab0000)
  object space 42112K, 1% used [0x97000000,0x97086518,0x99920000)
 PSPermGen       total 16384K, used 14399K [0x8f000000, 0x90000000, 0x97000000)
  object space 16384K, 87% used [0x8f000000,0x8fe0fe10,0x90000000)
GC Heap History (4 events):
Event: 0.897 GC heap before
{Heap before GC invocations=1 (full 0):
 PSYoungGen      total 18368K, used 15744K [0xa1ab0000, 0xa2f30000, 0xa7000000)
  eden space 15744K, 100% used [0xa1ab0000,0xa2a10000,0xa2a10000)
  from space 2624K, 0% used [0xa2ca0000,0xa2ca0000,0xa2f30000)
  to   space 2624K, 0% used [0xa2a10000,0xa2a10000,0xa2ca0000)
 ParOldGen       total 42112K, used 0K [0x97000000, 0x99920000, 0xa1ab0000)
  object space 42112K, 0% used [0x97000000,0x97000000,0x99920000)
 PSPermGen       total 16384K, used 11357K [0x8f000000, 0x90000000, 0x97000000)
  object space 16384K, 69% used [0x8f000000,0x8fb17788,0x90000000)
Event: 0.910 GC heap after
Heap after GC invocations=1 (full 0):
 PSYoungGen      total 18368K, used 2109K [0xa1ab0000, 0xa3e90000, 0xa7000000)
  eden space 15744K, 0% used [0xa1ab0000,0xa1ab0000,0xa2a10000)
  from space 2624K, 80% used [0xa2a10000,0xa2c1f550,0xa2ca0000)
  to   space 2624K, 0% used [0xa3c00000,0xa3c00000,0xa3e90000)
 ParOldGen       total 42112K, used 68K [0x97000000, 0x99920000, 0xa1ab0000)
  object space 42112K, 0% used [0x97000000,0x97011010,0x99920000)
 PSPermGen       total 16384K, used 11357K [0x8f000000, 0x90000000, 0x97000000)
  object space 16384K, 69% used [0x8f000000,0x8fb17788,0x90000000)
}
Event: 1.447 GC heap before
{Heap before GC invocations=2 (full 0):
 PSYoungGen      total 18368K, used 17853K [0xa1ab0000, 0xa3e90000, 0xa7000000)
  eden space 15744K, 100% used [0xa1ab0000,0xa2a10000,0xa2a10000)
  from space 2624K, 80% used [0xa2a10000,0xa2c1f550,0xa2ca0000)
  to   space 2624K, 0% used [0xa3c00000,0xa3c00000,0xa3e90000)
 ParOldGen       total 42112K, used 68K [0x97000000, 0x99920000, 0xa1ab0000)
  object space 42112K, 0% used [0x97000000,0x97011010,0x99920000)
 PSPermGen       total 16384K, used 14162K [0x8f000000, 0x90000000, 0x97000000)
  object space 16384K, 86% used [0x8f000000,0x8fdd49a0,0x90000000)
Event: 1.455 GC heap after
Heap after GC invocations=2 (full 0):
 PSYoungGen      total 34112K, used 2612K [0xa1ab0000, 0xa3e90000, 0xa7000000)
  eden space 31488K, 0% used [0xa1ab0000,0xa1ab0000,0xa3970000)
  from space 2624K, 99% used [0xa3c00000,0xa3e8d000,0xa3e90000)
  to   space 2624K, 0% used [0xa3970000,0xa3970000,0xa3c00000)
 ParOldGen       total 42112K, used 537K [0x97000000, 0x99920000, 0xa1ab0000)
  object space 42112K, 1% used [0x97000000,0x97086518,0x99920000)
 PSPermGen       total 16384K, used 14162K [0x8f000000, 0x90000000, 0x97000000)
  object space 16384K, 86% used [0x8f000000,0x8fdd49a0,0x90000000)
}

