# JRE version: 6.0_31-b31
# Java VM: OpenJDK Server VM (23.25-b01 mixed mode linux-x86 )
Heap
 PSYoungGen      total 34112K, used 4789K [0xa1af0000, 0xa3ed0000, 0xa7040000)
  eden space 31488K, 6% used [0xa1af0000,0xa1d11060,0xa39b0000)
  from space 2624K, 99% used [0xa3c40000,0xa3ecc508,0xa3ed0000)
  to   space 2624K, 0% used [0xa39b0000,0xa39b0000,0xa3c40000)
 ParOldGen       total 42112K, used 559K [0x97040000, 0x99960000, 0xa1af0000)
  object space 42112K, 1% used [0x97040000,0x970cbdd0,0x99960000)
 PSPermGen       total 16384K, used 14400K [0x8f040000, 0x90040000, 0x97040000)
  object space 16384K, 87% used [0x8f040000,0x8fe50070,0x90040000)
GC Heap History (4 events):
Event: 0.935 GC heap before
{Heap before GC invocations=1 (full 0):
 PSYoungGen      total 18368K, used 15744K [0xa1af0000, 0xa2f70000, 0xa7040000)
  eden space 15744K, 100% used [0xa1af0000,0xa2a50000,0xa2a50000)
  from space 2624K, 0% used [0xa2ce0000,0xa2ce0000,0xa2f70000)
  to   space 2624K, 0% used [0xa2a50000,0xa2a50000,0xa2ce0000)
 ParOldGen       total 42112K, used 0K [0x97040000, 0x99960000, 0xa1af0000)
  object space 42112K, 0% used [0x97040000,0x97040000,0x99960000)
 PSPermGen       total 16384K, used 11452K [0x8f040000, 0x90040000, 0x97040000)
  object space 16384K, 69% used [0x8f040000,0x8fb6f000,0x90040000)
Event: 0.946 GC heap after
Heap after GC invocations=1 (full 0):
 PSYoungGen      total 18368K, used 2147K [0xa1af0000, 0xa3ed0000, 0xa7040000)
  eden space 15744K, 0% used [0xa1af0000,0xa1af0000,0xa2a50000)
  from space 2624K, 81% used [0xa2a50000,0xa2c68ef0,0xa2ce0000)
  to   space 2624K, 0% used [0xa3c40000,0xa3c40000,0xa3ed0000)
 ParOldGen       total 42112K, used 68K [0x97040000, 0x99960000, 0xa1af0000)
  object space 42112K, 0% used [0x97040000,0x97051010,0x99960000)
 PSPermGen       total 16384K, used 11452K [0x8f040000, 0x90040000, 0x97040000)
  object space 16384K, 69% used [0x8f040000,0x8fb6f000,0x90040000)
}
Event: 1.462 GC heap before
{Heap before GC invocations=2 (full 0):
 PSYoungGen      total 18368K, used 17891K [0xa1af0000, 0xa3ed0000, 0xa7040000)
  eden space 15744K, 100% used [0xa1af0000,0xa2a50000,0xa2a50000)
  from space 2624K, 81% used [0xa2a50000,0xa2c68ef0,0xa2ce0000)
  to   space 2624K, 0% used [0xa3c40000,0xa3c40000,0xa3ed0000)
 ParOldGen       total 42112K, used 68K [0x97040000, 0x99960000, 0xa1af0000)
  object space 42112K, 0% used [0x97040000,0x97051010,0x99960000)
 PSPermGen       total 16384K, used 14173K [0x8f040000, 0x90040000, 0x97040000)
  object space 16384K, 86% used [0x8f040000,0x8fe17550,0x90040000)
Event: 1.470 GC heap after
Heap after GC invocations=2 (full 0):
 PSYoungGen      total 34112K, used 2609K [0xa1af0000, 0xa3ed0000, 0xa7040000)
  eden space 31488K, 0% used [0xa1af0000,0xa1af0000,0xa39b0000)
  from space 2624K, 99% used [0xa3c40000,0xa3ecc508,0xa3ed0000)
  to   space 2624K, 0% used [0xa39b0000,0xa39b0000,0xa3c40000)
 ParOldGen       total 42112K, used 559K [0x97040000, 0x99960000, 0xa1af0000)
  object space 42112K, 1% used [0x97040000,0x970cbdd0,0x99960000)
 PSPermGen       total 16384K, used 14173K [0x8f040000, 0x90040000, 0x97040000)
  object space 16384K, 86% used [0x8f040000,0x8fe17550,0x90040000)
}

