# JRE version: 6.0_31-b31
# Java VM: OpenJDK Server VM (23.25-b01 mixed mode linux-x86 )
Heap
 PSYoungGen      total 18368K, used 4394K [0xa1a30000, 0xa2eb0000, 0xa6f80000)
  eden space 15744K, 11% used [0xa1a30000,0xa1beb8a8,0xa2990000)
  from space 2624K, 99% used [0xa2c20000,0xa2eaf240,0xa2eb0000)
  to   space 2624K, 0% used [0xa2990000,0xa2990000,0xa2c20000)
 ParOldGen       total 42112K, used 539K [0x96f80000, 0x998a0000, 0xa1a30000)
  object space 42112K, 1% used [0x96f80000,0x97006fb8,0x998a0000)
 PSPermGen       total 16384K, used 14493K [0x8ef80000, 0x8ff80000, 0x96f80000)
  object space 16384K, 88% used [0x8ef80000,0x8fda7760,0x8ff80000)
GC Heap History (4 events):
Event: 0.877 GC heap before
{Heap before GC invocations=1 (full 0):
 PSYoungGen      total 18368K, used 15744K [0xa1a30000, 0xa2eb0000, 0xa6f80000)
  eden space 15744K, 100% used [0xa1a30000,0xa2990000,0xa2990000)
  from space 2624K, 0% used [0xa2c20000,0xa2c20000,0xa2eb0000)
  to   space 2624K, 0% used [0xa2990000,0xa2990000,0xa2c20000)
 ParOldGen       total 42112K, used 0K [0x96f80000, 0x998a0000, 0xa1a30000)
  object space 42112K, 0% used [0x96f80000,0x96f80000,0x998a0000)
 PSPermGen       total 16384K, used 11366K [0x8ef80000, 0x8ff80000, 0x96f80000)
  object space 16384K, 69% used [0x8ef80000,0x8fa99b00,0x8ff80000)
Event: 0.884 GC heap after
Heap after GC invocations=1 (full 0):
 PSYoungGen      total 18368K, used 2125K [0xa1a30000, 0xa2eb0000, 0xa6f80000)
  eden space 15744K, 0% used [0xa1a30000,0xa1a30000,0xa2990000)
  from space 2624K, 80% used [0xa2990000,0xa2ba3550,0xa2c20000)
  to   space 2624K, 0% used [0xa2c20000,0xa2c20000,0xa2eb0000)
 ParOldGen       total 42112K, used 68K [0x96f80000, 0x998a0000, 0xa1a30000)
  object space 42112K, 0% used [0x96f80000,0x96f91010,0x998a0000)
 PSPermGen       total 16384K, used 11366K [0x8ef80000, 0x8ff80000, 0x96f80000)
  object space 16384K, 69% used [0x8ef80000,0x8fa99b00,0x8ff80000)
}
Event: 1.484 GC heap before
{Heap before GC invocations=2 (full 0):
 PSYoungGen      total 18368K, used 17869K [0xa1a30000, 0xa2eb0000, 0xa6f80000)
  eden space 15744K, 100% used [0xa1a30000,0xa2990000,0xa2990000)
  from space 2624K, 80% used [0xa2990000,0xa2ba3550,0xa2c20000)
  to   space 2624K, 0% used [0xa2c20000,0xa2c20000,0xa2eb0000)
 ParOldGen       total 42112K, used 68K [0x96f80000, 0x998a0000, 0xa1a30000)
  object space 42112K, 0% used [0x96f80000,0x96f91010,0x998a0000)
 PSPermGen       total 16384K, used 14160K [0x8ef80000, 0x8ff80000, 0x96f80000)
  object space 16384K, 86% used [0x8ef80000,0x8fd54140,0x8ff80000)
Event: 1.490 GC heap after
Heap after GC invocations=2 (full 0):
 PSYoungGen      total 18368K, used 2620K [0xa1a30000, 0xa2eb0000, 0xa6f80000)
  eden space 15744K, 0% used [0xa1a30000,0xa1a30000,0xa2990000)
  from space 2624K, 99% used [0xa2c20000,0xa2eaf240,0xa2eb0000)
  to   space 2624K, 0% used [0xa2990000,0xa2990000,0xa2c20000)
 ParOldGen       total 42112K, used 539K [0x96f80000, 0x998a0000, 0xa1a30000)
  object space 42112K, 1% used [0x96f80000,0x97006fb8,0x998a0000)
 PSPermGen       total 16384K, used 14160K [0x8ef80000, 0x8ff80000, 0x96f80000)
  object space 16384K, 86% used [0x8ef80000,0x8fd54140,0x8ff80000)
}

