# JRE version: 6.0_31-b31
# Java VM: OpenJDK Server VM (23.25-b01 mixed mode linux-x86 )
Heap
 PSYoungGen      total 18368K, used 4230K [0xa1aa0000, 0xa2f20000, 0xa6ff0000)
  eden space 15744K, 10% used [0xa1aa0000,0xa1c32fb8,0xa2a00000)
  from space 2624K, 99% used [0xa2c90000,0xa2f1e9a0,0xa2f20000)
  to   space 2624K, 0% used [0xa2a00000,0xa2a00000,0xa2c90000)
 ParOldGen       total 42112K, used 535K [0x96ff0000, 0x99910000, 0xa1aa0000)
  object space 42112K, 1% used [0x96ff0000,0x97075fc8,0x99910000)
 PSPermGen       total 16384K, used 14399K [0x8eff0000, 0x8fff0000, 0x96ff0000)
  object space 16384K, 87% used [0x8eff0000,0x8fdffcd8,0x8fff0000)
GC Heap History (4 events):
Event: 0.861 GC heap before
{Heap before GC invocations=1 (full 0):
 PSYoungGen      total 18368K, used 15744K [0xa1aa0000, 0xa2f20000, 0xa6ff0000)
  eden space 15744K, 100% used [0xa1aa0000,0xa2a00000,0xa2a00000)
  from space 2624K, 0% used [0xa2c90000,0xa2c90000,0xa2f20000)
  to   space 2624K, 0% used [0xa2a00000,0xa2a00000,0xa2c90000)
 ParOldGen       total 42112K, used 0K [0x96ff0000, 0x99910000, 0xa1aa0000)
  object space 42112K, 0% used [0x96ff0000,0x96ff0000,0x99910000)
 PSPermGen       total 16384K, used 11445K [0x8eff0000, 0x8fff0000, 0x96ff0000)
  object space 16384K, 69% used [0x8eff0000,0x8fb1d5b0,0x8fff0000)
Event: 0.870 GC heap after
Heap after GC invocations=1 (full 0):
 PSYoungGen      total 18368K, used 2145K [0xa1aa0000, 0xa2f20000, 0xa6ff0000)
  eden space 15744K, 0% used [0xa1aa0000,0xa1aa0000,0xa2a00000)
  from space 2624K, 81% used [0xa2a00000,0xa2c18570,0xa2c90000)
  to   space 2624K, 0% used [0xa2c90000,0xa2c90000,0xa2f20000)
 ParOldGen       total 42112K, used 68K [0x96ff0000, 0x99910000, 0xa1aa0000)
  object space 42112K, 0% used [0x96ff0000,0x97001010,0x99910000)
 PSPermGen       total 16384K, used 11445K [0x8eff0000, 0x8fff0000, 0x96ff0000)
  object space 16384K, 69% used [0x8eff0000,0x8fb1d5b0,0x8fff0000)
}
Event: 1.462 GC heap before
{Heap before GC invocations=2 (full 0):
 PSYoungGen      total 18368K, used 17889K [0xa1aa0000, 0xa2f20000, 0xa6ff0000)
  eden space 15744K, 100% used [0xa1aa0000,0xa2a00000,0xa2a00000)
  from space 2624K, 81% used [0xa2a00000,0xa2c18570,0xa2c90000)
  to   space 2624K, 0% used [0xa2c90000,0xa2c90000,0xa2f20000)
 ParOldGen       total 42112K, used 68K [0x96ff0000, 0x99910000, 0xa1aa0000)
  object space 42112K, 0% used [0x96ff0000,0x97001010,0x99910000)
 PSPermGen       total 16384K, used 14172K [0x8eff0000, 0x8fff0000, 0x96ff0000)
  object space 16384K, 86% used [0x8eff0000,0x8fdc73c0,0x8fff0000)
Event: 1.468 GC heap after
Heap after GC invocations=2 (full 0):
 PSYoungGen      total 18368K, used 2618K [0xa1aa0000, 0xa2f20000, 0xa6ff0000)
  eden space 15744K, 0% used [0xa1aa0000,0xa1aa0000,0xa2a00000)
  from space 2624K, 99% used [0xa2c90000,0xa2f1e9a0,0xa2f20000)
  to   space 2624K, 0% used [0xa2a00000,0xa2a00000,0xa2c90000)
 ParOldGen       total 42112K, used 535K [0x96ff0000, 0x99910000, 0xa1aa0000)
  object space 42112K, 1% used [0x96ff0000,0x97075fc8,0x99910000)
 PSPermGen       total 16384K, used 14172K [0x8eff0000, 0x8fff0000, 0x96ff0000)
  object space 16384K, 86% used [0x8eff0000,0x8fdc73c0,0x8fff0000)
}

