# JRE version: 6.0_31-b31
# Java VM: OpenJDK Server VM (23.25-b01 mixed mode linux-x86 )
Heap
 PSYoungGen      total 18368K, used 4229K [0xa1a40000, 0xa2ec0000, 0xa6f90000)
  eden space 15744K, 10% used [0xa1a40000,0xa1bd2d98,0xa29a0000)
  from space 2624K, 99% used [0xa2c30000,0xa2ebe8c8,0xa2ec0000)
  to   space 2624K, 0% used [0xa29a0000,0xa29a0000,0xa2c30000)
 ParOldGen       total 42112K, used 534K [0x96f90000, 0x998b0000, 0xa1a40000)
  object space 42112K, 1% used [0x96f90000,0x97015870,0x998b0000)
 PSPermGen       total 16384K, used 14443K [0x8ef90000, 0x8ff90000, 0x96f90000)
  object space 16384K, 88% used [0x8ef90000,0x8fdaac90,0x8ff90000)
GC Heap History (4 events):
Event: 0.906 GC heap before
{Heap before GC invocations=1 (full 0):
 PSYoungGen      total 18368K, used 15744K [0xa1a40000, 0xa2ec0000, 0xa6f90000)
  eden space 15744K, 100% used [0xa1a40000,0xa29a0000,0xa29a0000)
  from space 2624K, 0% used [0xa2c30000,0xa2c30000,0xa2ec0000)
  to   space 2624K, 0% used [0xa29a0000,0xa29a0000,0xa2c30000)
 ParOldGen       total 42112K, used 0K [0x96f90000, 0x998b0000, 0xa1a40000)
  object space 42112K, 0% used [0x96f90000,0x96f90000,0x998b0000)
 PSPermGen       total 16384K, used 11360K [0x8ef90000, 0x8ff90000, 0x96f90000)
  object space 16384K, 69% used [0x8ef90000,0x8faa8098,0x8ff90000)
Event: 0.911 GC heap after
Heap after GC invocations=1 (full 0):
 PSYoungGen      total 18368K, used 2131K [0xa1a40000, 0xa2ec0000, 0xa6f90000)
  eden space 15744K, 0% used [0xa1a40000,0xa1a40000,0xa29a0000)
  from space 2624K, 81% used [0xa29a0000,0xa2bb4ef0,0xa2c30000)
  to   space 2624K, 0% used [0xa2c30000,0xa2c30000,0xa2ec0000)
 ParOldGen       total 42112K, used 68K [0x96f90000, 0x998b0000, 0xa1a40000)
  object space 42112K, 0% used [0x96f90000,0x96fa1010,0x998b0000)
 PSPermGen       total 16384K, used 11360K [0x8ef90000, 0x8ff90000, 0x96f90000)
  object space 16384K, 69% used [0x8ef90000,0x8faa8098,0x8ff90000)
}
Event: 1.515 GC heap before
{Heap before GC invocations=2 (full 0):
 PSYoungGen      total 18368K, used 17875K [0xa1a40000, 0xa2ec0000, 0xa6f90000)
  eden space 15744K, 100% used [0xa1a40000,0xa29a0000,0xa29a0000)
  from space 2624K, 81% used [0xa29a0000,0xa2bb4ef0,0xa2c30000)
  to   space 2624K, 0% used [0xa2c30000,0xa2c30000,0xa2ec0000)
 ParOldGen       total 42112K, used 68K [0x96f90000, 0x998b0000, 0xa1a40000)
  object space 42112K, 0% used [0x96f90000,0x96fa1010,0x998b0000)
 PSPermGen       total 16384K, used 14162K [0x8ef90000, 0x8ff90000, 0x96f90000)
  object space 16384K, 86% used [0x8ef90000,0x8fd64ba0,0x8ff90000)
Event: 1.521 GC heap after
Heap after GC invocations=2 (full 0):
 PSYoungGen      total 18368K, used 2618K [0xa1a40000, 0xa2ec0000, 0xa6f90000)
  eden space 15744K, 0% used [0xa1a40000,0xa1a40000,0xa29a0000)
  from space 2624K, 99% used [0xa2c30000,0xa2ebe8c8,0xa2ec0000)
  to   space 2624K, 0% used [0xa29a0000,0xa29a0000,0xa2c30000)
 ParOldGen       total 42112K, used 534K [0x96f90000, 0x998b0000, 0xa1a40000)
  object space 42112K, 1% used [0x96f90000,0x97015870,0x998b0000)
 PSPermGen       total 16384K, used 14162K [0x8ef90000, 0x8ff90000, 0x96f90000)
  object space 16384K, 86% used [0x8ef90000,0x8fd64ba0,0x8ff90000)
}

