# JRE version: 6.0_31-b31
# Java VM: OpenJDK Server VM (23.25-b01 mixed mode linux-x86 )
Heap
 PSYoungGen      total 34112K, used 4781K [0xa1a40000, 0xa3e20000, 0xa6f90000)
  eden space 31488K, 6% used [0xa1a40000,0xa1c5ce70,0xa3900000)
  from space 2624K, 99% used [0xa3b90000,0xa3e1e798,0xa3e20000)
  to   space 2624K, 0% used [0xa3900000,0xa3900000,0xa3b90000)
 ParOldGen       total 42112K, used 552K [0x96f90000, 0x998b0000, 0xa1a40000)
  object space 42112K, 1% used [0x96f90000,0x9701a0f8,0x998b0000)
 PSPermGen       total 16384K, used 14419K [0x8ef90000, 0x8ff90000, 0x96f90000)
  object space 16384K, 88% used [0x8ef90000,0x8fda4fe8,0x8ff90000)
GC Heap History (4 events):
Event: 0.898 GC heap before
{Heap before GC invocations=1 (full 0):
 PSYoungGen      total 18368K, used 15744K [0xa1a40000, 0xa2ec0000, 0xa6f90000)
  eden space 15744K, 100% used [0xa1a40000,0xa29a0000,0xa29a0000)
  from space 2624K, 0% used [0xa2c30000,0xa2c30000,0xa2ec0000)
  to   space 2624K, 0% used [0xa29a0000,0xa29a0000,0xa2c30000)
 ParOldGen       total 42112K, used 0K [0x96f90000, 0x998b0000, 0xa1a40000)
  object space 42112K, 0% used [0x96f90000,0x96f90000,0x998b0000)
 PSPermGen       total 16384K, used 11434K [0x8ef90000, 0x8ff90000, 0x96f90000)
  object space 16384K, 69% used [0x8ef90000,0x8fabab88,0x8ff90000)
Event: 0.915 GC heap after
Heap after GC invocations=1 (full 0):
 PSYoungGen      total 18368K, used 2139K [0xa1a40000, 0xa3e20000, 0xa6f90000)
  eden space 15744K, 0% used [0xa1a40000,0xa1a40000,0xa29a0000)
  from space 2624K, 81% used [0xa29a0000,0xa2bb6f00,0xa2c30000)
  to   space 2624K, 0% used [0xa3b90000,0xa3b90000,0xa3e20000)
 ParOldGen       total 42112K, used 68K [0x96f90000, 0x998b0000, 0xa1a40000)
  object space 42112K, 0% used [0x96f90000,0x96fa1010,0x998b0000)
 PSPermGen       total 16384K, used 11434K [0x8ef90000, 0x8ff90000, 0x96f90000)
  object space 16384K, 69% used [0x8ef90000,0x8fabab88,0x8ff90000)
}
Event: 1.438 GC heap before
{Heap before GC invocations=2 (full 0):
 PSYoungGen      total 18368K, used 17883K [0xa1a40000, 0xa3e20000, 0xa6f90000)
  eden space 15744K, 100% used [0xa1a40000,0xa29a0000,0xa29a0000)
  from space 2624K, 81% used [0xa29a0000,0xa2bb6f00,0xa2c30000)
  to   space 2624K, 0% used [0xa3b90000,0xa3b90000,0xa3e20000)
 ParOldGen       total 42112K, used 68K [0x96f90000, 0x998b0000, 0xa1a40000)
  object space 42112K, 0% used [0x96f90000,0x96fa1010,0x998b0000)
 PSPermGen       total 16384K, used 14184K [0x8ef90000, 0x8ff90000, 0x96f90000)
  object space 16384K, 86% used [0x8ef90000,0x8fd6a128,0x8ff90000)
Event: 1.446 GC heap after
Heap after GC invocations=2 (full 0):
 PSYoungGen      total 34112K, used 2617K [0xa1a40000, 0xa3e20000, 0xa6f90000)
  eden space 31488K, 0% used [0xa1a40000,0xa1a40000,0xa3900000)
  from space 2624K, 99% used [0xa3b90000,0xa3e1e798,0xa3e20000)
  to   space 2624K, 0% used [0xa3900000,0xa3900000,0xa3b90000)
 ParOldGen       total 42112K, used 552K [0x96f90000, 0x998b0000, 0xa1a40000)
  object space 42112K, 1% used [0x96f90000,0x9701a0f8,0x998b0000)
 PSPermGen       total 16384K, used 14184K [0x8ef90000, 0x8ff90000, 0x96f90000)
  object space 16384K, 86% used [0x8ef90000,0x8fd6a128,0x8ff90000)
}

